2013/10/10 00:49:04 [error] [php] PDO::__construct(): [2002] No such file or directory (trying to connect via unix:///var/mysql/mysql.sock) (/Users/jishankai/Sites/yii/framework/db/CDbConnection.php:423)
Stack trace:
#0 /Users/jishankai/Sites/yii/framework/db/CDbConnection.php(330): CDbConnection->open()
#1 /Users/jishankai/Sites/yii/framework/db/CDbConnection.php(308): CDbConnection->setActive()
#2 /Users/jishankai/Sites/yii/framework/base/CModule.php(387): CDbConnection->init()
#3 /Users/jishankai/Sites/yii/framework/base/CModule.php(103): CWebApplication->getComponent()
#4 /Users/jishankai/Sites/yii/framework/gii/generators/model/ModelCode.php(57): CWebApplication->__get()
#5 /Users/jishankai/Sites/yii/framework/web/CFormModel.php(39): ModelCode->init()
#6 /Users/jishankai/Sites/yii/framework/gii/CCodeGenerator.php(153): ModelCode->__construct()
#7 /Users/jishankai/Sites/yii/framework/gii/CCodeGenerator.php(63): ModelGenerator->prepare()
#8 /Users/jishankai/Sites/yii/framework/web/actions/CInlineAction.php(49): ModelGenerator->actionIndex()
#9 /Users/jishankai/Sites/yii/framework/web/CController.php(308): CInlineAction->runWithParams()
#10 /Users/jishankai/Sites/yii/framework/web/CController.php(286): ModelGenerator->runAction()
#11 /Users/jishankai/Sites/yii/framework/web/CController.php(265): ModelGenerator->runActionWithFilters()
#12 /Users/jishankai/Sites/yii/framework/web/CWebApplication.php(282): ModelGenerator->run()
#13 /Users/jishankai/Sites/yii/framework/web/CWebApplication.php(141): CWebApplication->runController()
#14 /Users/jishankai/Sites/yii/framework/base/CApplication.php(169): CWebApplication->processRequest()
#15 /Users/jishankai/Sites/news/index.php(13): CWebApplication->run()
REQUEST_URI=/~jishankai/news/index.php?r=gii/model
in /Users/jishankai/Sites/news/index.php (13)
2013/10/10 00:49:52 [error] [php] PDO::__construct(): [2002] No such file or directory (trying to connect via unix:///var/mysql/mysql.sock) (/Users/jishankai/Sites/yii/framework/db/CDbConnection.php:423)
Stack trace:
#0 /Users/jishankai/Sites/yii/framework/db/CDbConnection.php(330): CDbConnection->open()
#1 /Users/jishankai/Sites/yii/framework/db/CDbConnection.php(308): CDbConnection->setActive()
#2 /Users/jishankai/Sites/yii/framework/base/CModule.php(387): CDbConnection->init()
#3 /Users/jishankai/Sites/yii/framework/base/CModule.php(103): CWebApplication->getComponent()
#4 /Users/jishankai/Sites/yii/framework/gii/generators/model/ModelCode.php(57): CWebApplication->__get()
#5 /Users/jishankai/Sites/yii/framework/web/CFormModel.php(39): ModelCode->init()
#6 /Users/jishankai/Sites/yii/framework/gii/CCodeGenerator.php(153): ModelCode->__construct()
#7 /Users/jishankai/Sites/yii/framework/gii/CCodeGenerator.php(63): ModelGenerator->prepare()
#8 /Users/jishankai/Sites/yii/framework/web/actions/CInlineAction.php(49): ModelGenerator->actionIndex()
#9 /Users/jishankai/Sites/yii/framework/web/CController.php(308): CInlineAction->runWithParams()
#10 /Users/jishankai/Sites/yii/framework/web/CController.php(286): ModelGenerator->runAction()
#11 /Users/jishankai/Sites/yii/framework/web/CController.php(265): ModelGenerator->runActionWithFilters()
#12 /Users/jishankai/Sites/yii/framework/web/CWebApplication.php(282): ModelGenerator->run()
#13 /Users/jishankai/Sites/yii/framework/web/CWebApplication.php(141): CWebApplication->runController()
#14 /Users/jishankai/Sites/yii/framework/base/CApplication.php(169): CWebApplication->processRequest()
#15 /Users/jishankai/Sites/news/index.php(13): CWebApplication->run()
REQUEST_URI=/~jishankai/news/index.php?r=gii/model
in /Users/jishankai/Sites/news/index.php (13)
2013/10/10 20:35:40 [error] [php] PDO::__construct(): [2002] No such file or directory (trying to connect via unix:///var/mysql/mysql.sock) (/Users/jishankai/Sites/yii/framework/db/CDbConnection.php:423)
Stack trace:
#0 /Users/jishankai/Sites/yii/framework/db/CDbConnection.php(330): CDbConnection->open()
#1 /Users/jishankai/Sites/yii/framework/db/CDbConnection.php(308): CDbConnection->setActive()
#2 /Users/jishankai/Sites/yii/framework/base/CModule.php(387): CDbConnection->init()
#3 /Users/jishankai/Sites/yii/framework/base/CApplication.php(438): CWebApplication->getComponent()
#4 /Users/jishankai/Sites/yii/framework/db/ar/CActiveRecord.php(623): CWebApplication->getDb()
#5 /Users/jishankai/Sites/yii/framework/db/ar/CActiveRecord.php(2309): Post->getDbConnection()
#6 /Users/jishankai/Sites/yii/framework/db/ar/CActiveRecord.php(387): CActiveRecordMetaData->__construct()
#7 /Users/jishankai/Sites/yii/framework/db/ar/CActiveRecord.php(402): model()
#8 /Users/jishankai/Sites/yii/framework/db/ar/CActiveRecord.php(77): Post->getMetaData()
#9 /Users/jishankai/Sites/yii/framework/gii/generators/form/FormCode.php(91): Post->__construct()
#10 /Users/jishankai/Sites/yii/framework/gii/generators/form/templates/default/form.php(25): FormCode->getModelAttributes()
#11 /Users/jishankai/Sites/yii/framework/gii/CCodeModel.php(319): require()
#12 /Users/jishankai/Sites/yii/framework/gii/generators/form/FormCode.php(80): FormCode->render()
#13 /Users/jishankai/Sites/yii/framework/gii/CCodeGenerator.php(162): FormCode->prepare()
#14 /Users/jishankai/Sites/yii/framework/gii/CCodeGenerator.php(63): FormGenerator->prepare()
#15 /Users/jishankai/Sites/yii/framework/web/actions/CInlineAction.php(49): FormGenerator->actionIndex()
#16 /Users/jishankai/Sites/yii/framework/web/CController.php(308): CInlineAction->runWithParams()
#17 /Users/jishankai/Sites/yii/framework/web/CController.php(286): FormGenerator->runAction()
#18 /Users/jishankai/Sites/yii/framework/web/CController.php(265): FormGenerator->runActionWithFilters()
#19 /Users/jishankai/Sites/yii/framework/web/CWebApplication.php(282): FormGenerator->run()
#20 /Users/jishankai/Sites/yii/framework/web/CWebApplication.php(141): CWebApplication->runController()
#21 /Users/jishankai/Sites/yii/framework/base/CApplication.php(169): CWebApplication->processRequest()
#22 /Users/jishankai/Sites/news/index.php(13): CWebApplication->run()
REQUEST_URI=/~jishankai/news/index.php?r=gii/form
in /Users/jishankai/Sites/news/index.php (13)
2013/10/10 21:49:34 [error] [system.db.CDbCommand] CDbCommand::fetchAll() failed: SQLSTATE[42000]: Syntax error or access violation: 1064 You have an error in your SQL syntax; check the manual that corresponds to your MySQL server version for the right syntax to use near 'ORDER BY id DESC' at line 1. The SQL statement executed was: SELECT * FROM posts LIMIT 20 ORDER BY id DESC.
in /Users/jishankai/Sites/news/protected/controllers/PostController.php (12)
in /Users/jishankai/Sites/news/index.php (13)
2013/10/10 21:49:34 [error] [exception.CDbException] exception 'CDbException' with message 'CDbCommand failed to execute the SQL statement: SQLSTATE[42000]: Syntax error or access violation: 1064 You have an error in your SQL syntax; check the manual that corresponds to your MySQL server version for the right syntax to use near 'ORDER BY id DESC' at line 1. The SQL statement executed was: SELECT * FROM posts LIMIT 20 ORDER BY id DESC' in /Users/jishankai/Sites/yii/framework/db/CDbCommand.php:541
Stack trace:
#0 /Users/jishankai/Sites/yii/framework/db/CDbCommand.php(395): CDbCommand->queryInternal('fetchAll', Array, Array)
#1 /Users/jishankai/Sites/news/protected/controllers/PostController.php(12): CDbCommand->queryAll()
#2 /Users/jishankai/Sites/yii/framework/web/actions/CInlineAction.php(49): PostController->actionLatestPosts()
#3 /Users/jishankai/Sites/yii/framework/web/CController.php(308): CInlineAction->runWithParams(Array)
#4 /Users/jishankai/Sites/yii/framework/web/CController.php(286): CController->runAction(Object(CInlineAction))
#5 /Users/jishankai/Sites/yii/framework/web/CController.php(265): CController->runActionWithFilters(Object(CInlineAction), Array)
#6 /Users/jishankai/Sites/yii/framework/web/CWebApplication.php(282): CController->run('latestPosts')
#7 /Users/jishankai/Sites/yii/framework/web/CWebApplication.php(141): CWebApplication->runController('post/latestPost...')
#8 /Users/jishankai/Sites/yii/framework/base/CApplication.php(169): CWebApplication->processRequest()
#9 /Users/jishankai/Sites/news/index.php(13): CApplication->run()
#10 {main}
REQUEST_URI=/~jishankai/news/index.php?r=post/latestPosts
---
2013/10/10 22:33:50 [error] [exception.CHttpException.404] exception 'CHttpException' with message 'The system is unable to find the requested action "privious".' in /Users/jishankai/Sites/yii/framework/web/CController.php:483
Stack trace:
#0 /Users/jishankai/Sites/yii/framework/web/CController.php(270): CController->missingAction('privious')
#1 /Users/jishankai/Sites/yii/framework/web/CWebApplication.php(282): CController->run('privious')
#2 /Users/jishankai/Sites/yii/framework/web/CWebApplication.php(141): CWebApplication->runController('post/privious')
#3 /Users/jishankai/Sites/yii/framework/base/CApplication.php(169): CWebApplication->processRequest()
#4 /Users/jishankai/Sites/news/index.php(13): CApplication->run()
#5 {main}
REQUEST_URI=/~jishankai/news/index.php?r=post/privious&id=18
---
